Using pre-set license
Built from '2020.3/staging' branch; Version is '2020.3.22f1 (e1a7f79fd887) revision 14788599'; Using compiler version '192528614'; Build Type 'Release'
OS: 'Windows 10 Pro; OS build 19043.1348; Version 2009; 64bit' Language: 'tr' Physical Memory: 16319 MB
BatchMode: 1, IsHumanControllingUs: 0, StartBugReporterOnCrash: 0, Is64bit: 1, IsPro: 0

COMMAND LINE ARGUMENTS:
C:\Program Files\Unity\Hub\Editor\2020.3.22f1\Editor\Unity.exe
-adb2
-batchMode
-noUpm
-name
AssetImportWorker0
-projectPath
C:/Users/Kharalos/Desktop/Unity/soccer-king-io
-logFile
Logs/AssetImportWorker0.log
-srvPort
49959
Successfully changed project path to: C:/Users/Kharalos/Desktop/Unity/soccer-king-io
C:/Users/Kharalos/Desktop/Unity/soccer-king-io
Using Asset Import Pipeline V2.
Refreshing native plugins compatible for Editor in 48.66 ms, found 2 plugins.
Preloading 0 native plugins for Editor in 0.00 ms.
Initialize engine version: 2020.3.22f1 (e1a7f79fd887)
[Subsystems] Discovering subsystems at path C:/Program Files/Unity/Hub/Editor/2020.3.22f1/Editor/Data/Resources/UnitySubsystems
[Subsystems] Discovering subsystems at path C:/Users/Kharalos/Desktop/Unity/soccer-king-io/Assets
GfxDevice: creating device client; threaded=0
Direct3D:
    Version:  Direct3D 11.0 [level 11.1]
    Renderer: NVIDIA GeForce GTX 1660 Ti (ID=0x2182)
    Vendor:   
    VRAM:     5991 MB
    Driver:   30.0.14.9709
Initialize mono
Mono path[0] = 'C:/Program Files/Unity/Hub/Editor/2020.3.22f1/Editor/Data/Managed'
Mono path[1] = 'C:/Program Files/Unity/Hub/Editor/2020.3.22f1/Editor/Data/MonoBleedingEdge/lib/mono/unityjit'
Mono config path = 'C:/Program Files/Unity/Hub/Editor/2020.3.22f1/Editor/Data/MonoBleedingEdge/etc'
Using monoOptions --debugger-agent=transport=dt_socket,embedding=1,server=y,suspend=n,address=127.0.0.1:56912
Begin MonoManager ReloadAssembly
Registering precompiled unity dll's ...
Register platform support module: C:/Program Files/Unity/Hub/Editor/2020.3.22f1/Editor/Data/PlaybackEngines/WebGLSupport/UnityEditor.WebGL.Extensions.dll
Register platform support module: C:/Program Files/Unity/Hub/Editor/2020.3.22f1/Editor/Data/PlaybackEngines/WindowsStandaloneSupport/UnityEditor.WindowsStandalone.Extensions.dll
Registered in 0.003689 seconds.
Native extension for WindowsStandalone target not found
Native extension for WebGL target not found
Refreshing native plugins compatible for Editor in 43.12 ms, found 2 plugins.
Preloading 0 native plugins for Editor in 0.00 ms.
Mono: successfully reloaded assembly
- Completed reload, in  2.787 seconds
Domain Reload Profiling:
	ReloadAssembly (2787ms)
		BeginReloadAssembly (74ms)
			ExecutionOrderSort (0ms)
			DisableScriptedObjects (0ms)
			BackupInstance (0ms)
			ReleaseScriptingObjects (0ms)
			CreateAndSetChildDomain (1ms)
		EndReloadAssembly (543ms)
			LoadAssemblies (71ms)
			RebuildTransferFunctionScriptingTraits (0ms)
			SetupTypeCache (176ms)
			ReleaseScriptCaches (0ms)
			RebuildScriptCaches (34ms)
			SetupLoadedEditorAssemblies (203ms)
				LogAssemblyErrors (0ms)
				InitializePlatformSupportModulesInManaged (7ms)
				SetLoadedEditorAssemblies (0ms)
				RefreshPlugins (43ms)
				BeforeProcessingInitializeOnLoad (20ms)
				ProcessInitializeOnLoadAttributes (98ms)
				ProcessInitializeOnLoadMethodAttributes (35ms)
				AfterProcessingInitializeOnLoad (0ms)
				EditorAssembliesLoaded (0ms)
			ExecutionOrderSort2 (0ms)
			AwakeInstancesAfterBackupRestoration (0ms)
Platform modules already initialized, skipping
Registering precompiled user dll's ...
Registered in 0.007409 seconds.
Begin MonoManager ReloadAssembly
Native extension for WindowsStandalone target not found
Native extension for WebGL target not found
Refreshing native plugins compatible for Editor in 53.43 ms, found 2 plugins.
Preloading 0 native plugins for Editor in 0.00 ms.
Mono: successfully reloaded assembly
- Completed reload, in  1.400 seconds
Domain Reload Profiling:
	ReloadAssembly (1401ms)
		BeginReloadAssembly (182ms)
			ExecutionOrderSort (0ms)
			DisableScriptedObjects (6ms)
			BackupInstance (0ms)
			ReleaseScriptingObjects (0ms)
			CreateAndSetChildDomain (24ms)
		EndReloadAssembly (1136ms)
			LoadAssemblies (110ms)
			RebuildTransferFunctionScriptingTraits (0ms)
			SetupTypeCache (368ms)
			ReleaseScriptCaches (1ms)
			RebuildScriptCaches (55ms)
			SetupLoadedEditorAssemblies (435ms)
				LogAssemblyErrors (0ms)
				InitializePlatformSupportModulesInManaged (9ms)
				SetLoadedEditorAssemblies (0ms)
				RefreshPlugins (54ms)
				BeforeProcessingInitializeOnLoad (104ms)
				ProcessInitializeOnLoadAttributes (246ms)
				ProcessInitializeOnLoadMethodAttributes (10ms)
				AfterProcessingInitializeOnLoad (12ms)
				EditorAssembliesLoaded (0ms)
			ExecutionOrderSort2 (0ms)
			AwakeInstancesAfterBackupRestoration (9ms)
Platform modules already initialized, skipping
========================================================================
Worker process is ready to serve import requests
Launched and connected shader compiler UnityShaderCompiler.exe after 0.07 seconds
Refreshing native plugins compatible for Editor in 0.74 ms, found 2 plugins.
Preloading 0 native plugins for Editor in 0.00 ms.
Unloading 1628 Unused Serialized files (Serialized files now loaded: 0)
System memory in use before: 92.6 MB.
System memory in use after: 92.7 MB.

Unloading 21 unused Assets to reduce memory usage. Loaded Objects now: 2079.
Total: 4.809600 ms (FindLiveObjects: 0.276200 ms CreateObjectMapping: 0.055700 ms MarkObjects: 4.434100 ms  DeleteObjects: 0.041400 ms)

AssetImportParameters requested are different than current active one (requested -> active):
  custom:framework-win-MediaFoundation: 216162199b28c13a410421893ffa2e32 -> 
  custom:video-decoder-ogg-theora: a1e56fd34408186e4bbccfd4996cb3dc -> 
  custom:container-muxer-webm: aa71ff27fc2769a1b78a27578f13a17b -> 
  custom:container-demuxer-webm: 4f35f7cbe854078d1ac9338744f61a02 -> 
  custom:container-demuxer-ogg: 62fdf1f143b41e24485cea50d1cbac27 -> 
  custom:video-encoder-webm-vp8: eb34c28f22e8b96e1ab97ce403110664 -> 
  custom:video-decoder-webm-vp8: 9c59270c3fd7afecdb556c50c9e8de78 -> 
  custom:audio-decoder-ogg-vorbis: bf7c407c2cedff20999df2af8eb42d56 -> 
  custom:audio-encoder-webm-vorbis: bf7c407c2cedff20999df2af8eb42d56 -> 
========================================================================
Received Import Request.
  path: Assets/Resources/Arrow Fill@4x.png
  artifactKey: Guid(94c2e5c27e5a21c4589f073bd733d2eb) Importer(815301076,1909f56bfc062723c751e8b465ee728b)
Start importing Assets/Resources/Arrow Fill@4x.png using Guid(94c2e5c27e5a21c4589f073bd733d2eb) Importer(815301076,1909f56bfc062723c751e8b465ee728b)  -> (artifact id: '6ff2443111682e1f33f0fddee3fe3caf') in 0.131039 seconds 
  Import took 0.134911 seconds .

========================================================================
Received Import Request.
  Time since last request: 0.000248 seconds.
  path: Assets/Resources/Arrow Stroke@4x.png
  artifactKey: Guid(867d2ce2b97471f46b691eb6e1ae2abb) Importer(815301076,1909f56bfc062723c751e8b465ee728b)
Start importing Assets/Resources/Arrow Stroke@4x.png using Guid(867d2ce2b97471f46b691eb6e1ae2abb) Importer(815301076,1909f56bfc062723c751e8b465ee728b)  -> (artifact id: '83447fb385051eeb11c89e7021f3e462') in 0.021462 seconds 
  Import took 0.024743 seconds .

========================================================================
Received Import Request.
  Time since last request: 0.000219 seconds.
  path: Assets/Resources/Sprites
  artifactKey: Guid(3e9bf098ea6194b4cb38b564bf86c78c) Importer(815301076,1909f56bfc062723c751e8b465ee728b)
Start importing Assets/Resources/Sprites using Guid(3e9bf098ea6194b4cb38b564bf86c78c) Importer(815301076,1909f56bfc062723c751e8b465ee728b)  -> (artifact id: '1096a8efac450edbd94f43419bc14445') in 0.008082 seconds 
  Import took 0.012561 seconds .

========================================================================
Received Import Request.
  Time since last request: 6.143643 seconds.
  path: Assets/Resources/Sprites/Arrow Fill@4x.png
  artifactKey: Guid(94c2e5c27e5a21c4589f073bd733d2eb) Importer(815301076,1909f56bfc062723c751e8b465ee728b)
Start importing Assets/Resources/Sprites/Arrow Fill@4x.png using Guid(94c2e5c27e5a21c4589f073bd733d2eb) Importer(815301076,1909f56bfc062723c751e8b465ee728b)  -> (artifact id: '4a8584f1333834560eaa89333f9e2ae2') in 0.082213 seconds 
  Import took 0.085565 seconds .

========================================================================
Received Import Request.
  Time since last request: 0.000286 seconds.
  path: Assets/Resources/Sprites/Arrow Stroke@4x.png
  artifactKey: Guid(867d2ce2b97471f46b691eb6e1ae2abb) Importer(815301076,1909f56bfc062723c751e8b465ee728b)
Start importing Assets/Resources/Sprites/Arrow Stroke@4x.png using Guid(867d2ce2b97471f46b691eb6e1ae2abb) Importer(815301076,1909f56bfc062723c751e8b465ee728b)  -> (artifact id: 'a0d8159f3f0ca303c05110640ee5b44e') in 0.031919 seconds 
  Import took 0.035011 seconds .

========================================================================
Received Import Request.
  Time since last request: 3.837631 seconds.
  path: Assets/Resources/Sprites/Arrow Fill@4x.png
  artifactKey: Guid(94c2e5c27e5a21c4589f073bd733d2eb) Importer(815301076,1909f56bfc062723c751e8b465ee728b)
Start importing Assets/Resources/Sprites/Arrow Fill@4x.png using Guid(94c2e5c27e5a21c4589f073bd733d2eb) Importer(815301076,1909f56bfc062723c751e8b465ee728b)  -> (artifact id: '1993bdc2ba6afca74cfd532723e77653') in 0.040217 seconds 
  Import took 0.043490 seconds .

========================================================================
Received Import Request.
  Time since last request: 0.000216 seconds.
  path: Assets/Resources/Sprites/Arrow Stroke@4x.png
  artifactKey: Guid(867d2ce2b97471f46b691eb6e1ae2abb) Importer(815301076,1909f56bfc062723c751e8b465ee728b)
Start importing Assets/Resources/Sprites/Arrow Stroke@4x.png using Guid(867d2ce2b97471f46b691eb6e1ae2abb) Importer(815301076,1909f56bfc062723c751e8b465ee728b)  -> (artifact id: 'ec2172b2b2b81f69aa4f9c6602b58afc') in 0.035210 seconds 
  Import took 0.038378 seconds .

========================================================================
Received Import Request.
  Time since last request: 366.962095 seconds.
  path: Assets/Resources/Sprites/Tile 1-2.png
  artifactKey: Guid(2c52cc6ddfe1028489dffc9d0ea7d4cc) Importer(815301076,1909f56bfc062723c751e8b465ee728b)
Start importing Assets/Resources/Sprites/Tile 1-2.png using Guid(2c52cc6ddfe1028489dffc9d0ea7d4cc) Importer(815301076,1909f56bfc062723c751e8b465ee728b)  -> (artifact id: '6346874c93de811f22148261bba6dd1e') in 0.038077 seconds 
  Import took 0.041140 seconds .

========================================================================
Received Import Request.
  Time since last request: 0.000346 seconds.
  path: Assets/Resources/Sprites/Tile 1-4.png
  artifactKey: Guid(3b6a7e2596c94e844bbf54cdc6d09ae7) Importer(815301076,1909f56bfc062723c751e8b465ee728b)
Start importing Assets/Resources/Sprites/Tile 1-4.png using Guid(3b6a7e2596c94e844bbf54cdc6d09ae7) Importer(815301076,1909f56bfc062723c751e8b465ee728b)  -> (artifact id: '0e14eaba27065f694ffd7c6c9db3feae') in 0.023906 seconds 
  Import took 0.026540 seconds .

========================================================================
Received Import Request.
  Time since last request: 6.640270 seconds.
  path: Assets/Resources/Sprites/Tile 1-2.png
  artifactKey: Guid(2c52cc6ddfe1028489dffc9d0ea7d4cc) Importer(815301076,1909f56bfc062723c751e8b465ee728b)
Start importing Assets/Resources/Sprites/Tile 1-2.png using Guid(2c52cc6ddfe1028489dffc9d0ea7d4cc) Importer(815301076,1909f56bfc062723c751e8b465ee728b)  -> (artifact id: '8585914fc66b4393fd29327accc7e6da') in 0.040174 seconds 
  Import took 0.043732 seconds .

========================================================================
Received Import Request.
  Time since last request: 0.000343 seconds.
  path: Assets/Resources/Sprites/Tile 1-4.png
  artifactKey: Guid(3b6a7e2596c94e844bbf54cdc6d09ae7) Importer(815301076,1909f56bfc062723c751e8b465ee728b)
Start importing Assets/Resources/Sprites/Tile 1-4.png using Guid(3b6a7e2596c94e844bbf54cdc6d09ae7) Importer(815301076,1909f56bfc062723c751e8b465ee728b)  -> (artifact id: 'e0b815f9c4fbfb073e918de16fab335e') in 0.037485 seconds 
  Import took 0.042052 seconds .

========================================================================
Received Import Request.
  Time since last request: 6.920103 seconds.
  path: Assets/Resources/Sprites/Tile 1-2.png
  artifactKey: Guid(2c52cc6ddfe1028489dffc9d0ea7d4cc) Importer(815301076,1909f56bfc062723c751e8b465ee728b)
Start importing Assets/Resources/Sprites/Tile 1-2.png using Guid(2c52cc6ddfe1028489dffc9d0ea7d4cc) Importer(815301076,1909f56bfc062723c751e8b465ee728b)  -> (artifact id: '8485a0c87cc270909b68fa1aec704b02') in 0.040757 seconds 
  Import took 0.044178 seconds .

========================================================================
Received Import Request.
  Time since last request: 6.132668 seconds.
  path: Assets/Resources/Sprites/Tile 1-4.png
  artifactKey: Guid(3b6a7e2596c94e844bbf54cdc6d09ae7) Importer(815301076,1909f56bfc062723c751e8b465ee728b)
Start importing Assets/Resources/Sprites/Tile 1-4.png using Guid(3b6a7e2596c94e844bbf54cdc6d09ae7) Importer(815301076,1909f56bfc062723c751e8b465ee728b)  -> (artifact id: '15796efa9016c6cb48d0c7a624483403') in 0.041084 seconds 
  Import took 0.044120 seconds .

========================================================================
Received Import Request.
  Time since last request: 15.008610 seconds.
  path: Assets/Resources/Sprites/Materials/Arrow Fill@4x.mat
  artifactKey: Guid(ea1cc39e2c6e722489edf5583ebc447a) Importer(815301076,1909f56bfc062723c751e8b465ee728b)
Start importing Assets/Resources/Sprites/Materials/Arrow Fill@4x.mat using Guid(ea1cc39e2c6e722489edf5583ebc447a) Importer(815301076,1909f56bfc062723c751e8b465ee728b)  -> (artifact id: '84b1dff9ac864fd771598cfbdff4ae92') in 0.053565 seconds 
  Import took 0.057122 seconds .

========================================================================
Received Import Request.
  Time since last request: 11.525337 seconds.
  path: Assets/Resources/Sprites/Materials
  artifactKey: Guid(a081907c434a24149a51c454ed09b5fd) Importer(815301076,1909f56bfc062723c751e8b465ee728b)
Start importing Assets/Resources/Sprites/Materials using Guid(a081907c434a24149a51c454ed09b5fd) Importer(815301076,1909f56bfc062723c751e8b465ee728b)  -> (artifact id: '96269d45d33a98232402b92757f241f5') in 0.007894 seconds 
  Import took 0.011208 seconds .

========================================================================
Received Import Request.
  Time since last request: 7.708963 seconds.
  path: Assets/Resources/Sprites/Materials/Tile 1-4.mat
  artifactKey: Guid(218c5f0513e7146419839b7c8567812f) Importer(815301076,1909f56bfc062723c751e8b465ee728b)
Start importing Assets/Resources/Sprites/Materials/Tile 1-4.mat using Guid(218c5f0513e7146419839b7c8567812f) Importer(815301076,1909f56bfc062723c751e8b465ee728b)  -> (artifact id: '6906ce81be54695cbe68c23c949f73e6') in 0.019057 seconds 
  Import took 0.022562 seconds .

========================================================================
Received Import Request.
  Time since last request: 185.508621 seconds.
  path: Assets/Resources/Sprites/Tile 2-1.png
  artifactKey: Guid(f7378f671a08a5543ac81693679a5cb4) Importer(815301076,1909f56bfc062723c751e8b465ee728b)
Start importing Assets/Resources/Sprites/Tile 2-1.png using Guid(f7378f671a08a5543ac81693679a5cb4) Importer(815301076,1909f56bfc062723c751e8b465ee728b)  -> (artifact id: '0bfb0dc3140ea276085a93378695be6a') in 0.022640 seconds 
  Import took 0.030867 seconds .

========================================================================
Received Import Request.
  Time since last request: 4.730816 seconds.
  path: Assets/Resources/Sprites/Tile 2-1.png
  artifactKey: Guid(f7378f671a08a5543ac81693679a5cb4) Importer(815301076,1909f56bfc062723c751e8b465ee728b)
Start importing Assets/Resources/Sprites/Tile 2-1.png using Guid(f7378f671a08a5543ac81693679a5cb4) Importer(815301076,1909f56bfc062723c751e8b465ee728b)  -> (artifact id: 'dd3bbcb7a9cc6dca9e5d6d48544bff9e') in 0.028057 seconds 
  Import took 0.032133 seconds .

========================================================================
Received Import Request.
  Time since last request: 24.955743 seconds.
  path: Assets/Resources/Sprites/Materials/Tile 2-1.mat
  artifactKey: Guid(3a6581d12649e224b9b81e7ce7e3ec7a) Importer(815301076,1909f56bfc062723c751e8b465ee728b)
Start importing Assets/Resources/Sprites/Materials/Tile 2-1.mat using Guid(3a6581d12649e224b9b81e7ce7e3ec7a) Importer(815301076,1909f56bfc062723c751e8b465ee728b)  -> (artifact id: '03e9e85bc73e0695efd7ad3f98ea9701') in 0.022769 seconds 
  Import took 0.030924 seconds .

========================================================================
Received Import Request.
  Time since last request: 691.380804 seconds.
  path: Assets/Resources/Sprites/Materials/New Material.mat
  artifactKey: Guid(e83de203ecc5860429f77543dade0c84) Importer(815301076,1909f56bfc062723c751e8b465ee728b)
Start importing Assets/Resources/Sprites/Materials/New Material.mat using Guid(e83de203ecc5860429f77543dade0c84) Importer(815301076,1909f56bfc062723c751e8b465ee728b)  -> (artifact id: 'ee22c0e4b16363f12941c72384f9ff54') in 0.037217 seconds 
  Import took 0.045427 seconds .

========================================================================
Received Import Request.
  Time since last request: 203.521937 seconds.
  path: Assets/Resources/Sprites/PredictionLine.mat
  artifactKey: Guid(2fb26cf900ea7494f93ad51734a84ccb) Importer(815301076,1909f56bfc062723c751e8b465ee728b)
Start importing Assets/Resources/Sprites/PredictionLine.mat using Guid(2fb26cf900ea7494f93ad51734a84ccb) Importer(815301076,1909f56bfc062723c751e8b465ee728b)  -> (artifact id: '47cadf366d3c11b2c3c8f32854743302') in 0.037491 seconds 
  Import took 0.041343 seconds .

========================================================================
Received Import Request.
  Time since last request: 9.578331 seconds.
  path: Assets/Resources/Sprites/DottedLine.shader
  artifactKey: Guid(51b017337c98b4d40ad17ad0e4a6f4d2) Importer(815301076,1909f56bfc062723c751e8b465ee728b)
Start importing Assets/Resources/Sprites/DottedLine.shader using Guid(51b017337c98b4d40ad17ad0e4a6f4d2) Importer(815301076,1909f56bfc062723c751e8b465ee728b)  -> (artifact id: '71eef8394563116fa57500987425d412') in 0.014045 seconds 
  Import took 0.017404 seconds .

========================================================================
Received Import Request.
  Time since last request: 2094.582634 seconds.
  path: Assets/Resources/Sprites/PredictionLine.mat
  artifactKey: Guid(2fb26cf900ea7494f93ad51734a84ccb) Importer(815301076,1909f56bfc062723c751e8b465ee728b)
Start importing Assets/Resources/Sprites/PredictionLine.mat using Guid(2fb26cf900ea7494f93ad51734a84ccb) Importer(815301076,1909f56bfc062723c751e8b465ee728b)  -> (artifact id: '808f057b1ba392b7af578dc6a744316f') in 0.028702 seconds 
  Import took 0.037927 seconds .

========================================================================
Received Import Request.
  Time since last request: 5.994567 seconds.
  path: Assets/Resources/Materials/Dummy_Mat.mat
  artifactKey: Guid(5fea8ac09f29cd147816dc00d6c659a2) Importer(815301076,1909f56bfc062723c751e8b465ee728b)
Start importing Assets/Resources/Materials/Dummy_Mat.mat using Guid(5fea8ac09f29cd147816dc00d6c659a2) Importer(815301076,1909f56bfc062723c751e8b465ee728b)  -> (artifact id: 'db17e999fc6c6ad2c53ab16897ab012a') in 0.021690 seconds 
  Import took 0.025466 seconds .

========================================================================
Received Import Request.
  Time since last request: 143.128534 seconds.
  path: Assets/Resources/Materials/Dummy_Mat.mat
  artifactKey: Guid(5fea8ac09f29cd147816dc00d6c659a2) Importer(815301076,1909f56bfc062723c751e8b465ee728b)
Start importing Assets/Resources/Materials/Dummy_Mat.mat using Guid(5fea8ac09f29cd147816dc00d6c659a2) Importer(815301076,1909f56bfc062723c751e8b465ee728b)  -> (artifact id: '26fe5e7dbf1ce7389db39707f071efd9') in 0.018586 seconds 
  Import took 0.022214 seconds .

AssetImportWorkerClient::OnTransportError - code=2 error=End of file
