Using pre-set license
Built from '2020.3/staging' branch; Version is '2020.3.22f1 (e1a7f79fd887) revision 14788599'; Using compiler version '192528614'; Build Type 'Release'
OS: 'Windows 10 Pro; OS build 19043.1348; Version 2009; 64bit' Language: 'tr' Physical Memory: 16319 MB
BatchMode: 1, IsHumanControllingUs: 0, StartBugReporterOnCrash: 0, Is64bit: 1, IsPro: 0

COMMAND LINE ARGUMENTS:
C:\Program Files\Unity\Hub\Editor\2020.3.22f1\Editor\Unity.exe
-adb2
-batchMode
-noUpm
-name
AssetImportWorker0
-projectPath
C:/Users/Kharalos/Desktop/Unity/soccer-king-io
-logFile
Logs/AssetImportWorker0.log
-srvPort
50827
Successfully changed project path to: C:/Users/Kharalos/Desktop/Unity/soccer-king-io
C:/Users/Kharalos/Desktop/Unity/soccer-king-io
Using Asset Import Pipeline V2.
Refreshing native plugins compatible for Editor in 51.05 ms, found 2 plugins.
Preloading 0 native plugins for Editor in 0.00 ms.
Initialize engine version: 2020.3.22f1 (e1a7f79fd887)
[Subsystems] Discovering subsystems at path C:/Program Files/Unity/Hub/Editor/2020.3.22f1/Editor/Data/Resources/UnitySubsystems
[Subsystems] Discovering subsystems at path C:/Users/Kharalos/Desktop/Unity/soccer-king-io/Assets
GfxDevice: creating device client; threaded=0
Direct3D:
    Version:  Direct3D 11.0 [level 11.1]
    Renderer: NVIDIA GeForce GTX 1660 Ti (ID=0x2182)
    Vendor:   
    VRAM:     5991 MB
    Driver:   30.0.14.9709
Initialize mono
Mono path[0] = 'C:/Program Files/Unity/Hub/Editor/2020.3.22f1/Editor/Data/Managed'
Mono path[1] = 'C:/Program Files/Unity/Hub/Editor/2020.3.22f1/Editor/Data/MonoBleedingEdge/lib/mono/unityjit'
Mono config path = 'C:/Program Files/Unity/Hub/Editor/2020.3.22f1/Editor/Data/MonoBleedingEdge/etc'
Using monoOptions --debugger-agent=transport=dt_socket,embedding=1,server=y,suspend=n,address=127.0.0.1:56724
Begin MonoManager ReloadAssembly
Registering precompiled unity dll's ...
Register platform support module: C:/Program Files/Unity/Hub/Editor/2020.3.22f1/Editor/Data/PlaybackEngines/WebGLSupport/UnityEditor.WebGL.Extensions.dll
Register platform support module: C:/Program Files/Unity/Hub/Editor/2020.3.22f1/Editor/Data/PlaybackEngines/WindowsStandaloneSupport/UnityEditor.WindowsStandalone.Extensions.dll
Registered in 0.003734 seconds.
Native extension for WindowsStandalone target not found
Native extension for WebGL target not found
Refreshing native plugins compatible for Editor in 41.66 ms, found 2 plugins.
Preloading 0 native plugins for Editor in 0.00 ms.
Mono: successfully reloaded assembly
- Completed reload, in  3.553 seconds
Domain Reload Profiling:
	ReloadAssembly (3553ms)
		BeginReloadAssembly (79ms)
			ExecutionOrderSort (0ms)
			DisableScriptedObjects (0ms)
			BackupInstance (0ms)
			ReleaseScriptingObjects (0ms)
			CreateAndSetChildDomain (1ms)
		EndReloadAssembly (560ms)
			LoadAssemblies (75ms)
			RebuildTransferFunctionScriptingTraits (0ms)
			SetupTypeCache (194ms)
			ReleaseScriptCaches (0ms)
			RebuildScriptCaches (36ms)
			SetupLoadedEditorAssemblies (196ms)
				LogAssemblyErrors (0ms)
				InitializePlatformSupportModulesInManaged (6ms)
				SetLoadedEditorAssemblies (0ms)
				RefreshPlugins (42ms)
				BeforeProcessingInitializeOnLoad (19ms)
				ProcessInitializeOnLoadAttributes (96ms)
				ProcessInitializeOnLoadMethodAttributes (33ms)
				AfterProcessingInitializeOnLoad (0ms)
				EditorAssembliesLoaded (0ms)
			ExecutionOrderSort2 (0ms)
			AwakeInstancesAfterBackupRestoration (0ms)
Platform modules already initialized, skipping
Registering precompiled user dll's ...
Registered in 0.007547 seconds.
Begin MonoManager ReloadAssembly
Error: Could not load signature of UnityEditor.DeviceSimulation.InputSystemPlugin:DisableConflictingDevice due to: Could not load file or assembly 'Unity.InputSystem, Version=1.0.2.0, Culture=neutral, PublicKeyToken=null' or one of its dependencies. assembly:Unity.InputSystem, Version=1.0.2.0, Culture=neutral, PublicKeyToken=null type:<unknown type> member:(null) signature:<none>
Error: Could not load signature of UnityEngine.InputSystem.InputRecorder:get_capture due to: Could not load file or assembly 'Unity.InputSystem, Version=1.0.2.0, Culture=neutral, PublicKeyToken=null' or one of its dependencies. assembly:Unity.InputSystem, Version=1.0.2.0, Culture=neutral, PublicKeyToken=null type:<unknown type> member:(null) signature:<none>
Could not load signature of UnityEngine.InputSystem.InputRecorder:get_capture due to: Could not load file or assembly 'Unity.InputSystem, Version=1.0.2.0, Culture=neutral, PublicKeyToken=null' or one of its dependencies. assembly:Unity.InputSystem, Version=1.0.2.0, Culture=neutral, PublicKeyToken=null type:<unknown type> member:(null) signature:<none>
Could not load signature of UnityEngine.InputSystem.InputRecorder:get_replay due to: Could not load file or assembly 'Unity.InputSystem, Version=1.0.2.0, Culture=neutral, PublicKeyToken=null' or one of its dependencies. assembly:Unity.InputSystem, Version=1.0.2.0, Culture=neutral, PublicKeyToken=null type:<unknown type> member:(null) signature:<none>
Could not load signature of UnityEngine.InputSystem.InputRecorder:OnFilterInputEvent due to: Could not load file or assembly 'Unity.InputSystem, Version=1.0.2.0, Culture=neutral, PublicKeyToken=null' or one of its dependencies. assembly:Unity.InputSystem, Version=1.0.2.0, Culture=neutral, PublicKeyToken=null type:<unknown type> member:(null) signature:<none>
Could not load signature of UnityEngine.InputSystem.InputRecorder:OnEventRecorded due to: Could not load file or assembly 'Unity.InputSystem, Version=1.0.2.0, Culture=neutral, PublicKeyToken=null' or one of its dependencies. assembly:Unity.InputSystem, Version=1.0.2.0, Culture=neutral, PublicKeyToken=null type:<unknown type> member:(null) signature:<none>
Could not load signature of UnityEngine.InputSystem.InputRecorder:OnInputEvent due to: Could not load file or assembly 'Unity.InputSystem, Version=1.0.2.0, Culture=neutral, PublicKeyToken=null' or one of its dependencies. assembly:Unity.InputSystem, Version=1.0.2.0, Culture=neutral, PublicKeyToken=null type:<unknown type> member:(null) signature:<none>
Could not load signature of UnityEngine.InputSystem.InputRecorder:<StartReplay>b__44_0 due to: Could not load file or assembly 'Unity.InputSystem, Version=1.0.2.0, Culture=neutral, PublicKeyToken=null' or one of its dependencies. assembly:Unity.InputSystem, Version=1.0.2.0, Culture=neutral, PublicKeyToken=null type:<unknown type> member:(null) signature:<none>
Unloading broken assembly Library/ScriptAssemblies/Unity.DeviceSimulator.Editor.dll, this assembly can cause crashes in the runtime
Unloading broken assembly Library/ScriptAssemblies/Unity.InputSystem.Recorder.dll, this assembly can cause crashes in the runtime
Native extension for WindowsStandalone target not found
Native extension for WebGL target not found
Refreshing native plugins compatible for Editor in 40.35 ms, found 2 plugins.
Preloading 0 native plugins for Editor in 0.00 ms.
Mono: successfully reloaded assembly
- Completed reload, in  1.413 seconds
Domain Reload Profiling:
	ReloadAssembly (1414ms)
		BeginReloadAssembly (176ms)
			ExecutionOrderSort (0ms)
			DisableScriptedObjects (6ms)
			BackupInstance (0ms)
			ReleaseScriptingObjects (0ms)
			CreateAndSetChildDomain (21ms)
		EndReloadAssembly (1157ms)
			LoadAssemblies (111ms)
			RebuildTransferFunctionScriptingTraits (0ms)
			SetupTypeCache (364ms)
			ReleaseScriptCaches (1ms)
			RebuildScriptCaches (60ms)
			SetupLoadedEditorAssemblies (437ms)
				LogAssemblyErrors (0ms)
				InitializePlatformSupportModulesInManaged (7ms)
				SetLoadedEditorAssemblies (0ms)
				RefreshPlugins (40ms)
				BeforeProcessingInitializeOnLoad (94ms)
				ProcessInitializeOnLoadAttributes (269ms)
				ProcessInitializeOnLoadMethodAttributes (12ms)
				AfterProcessingInitializeOnLoad (15ms)
				EditorAssembliesLoaded (0ms)
			ExecutionOrderSort2 (0ms)
			AwakeInstancesAfterBackupRestoration (10ms)
Platform modules already initialized, skipping
========================================================================
Worker process is ready to serve import requests
Launched and connected shader compiler UnityShaderCompiler.exe after 0.08 seconds
Refreshing native plugins compatible for Editor in 0.73 ms, found 2 plugins.
Preloading 0 native plugins for Editor in 0.00 ms.
Unloading 1630 Unused Serialized files (Serialized files now loaded: 0)
System memory in use before: 73.0 MB.
System memory in use after: 73.0 MB.

Unloading 24 unused Assets to reduce memory usage. Loaded Objects now: 2056.
Total: 5.425400 ms (FindLiveObjects: 0.266500 ms CreateObjectMapping: 0.061400 ms MarkObjects: 4.983800 ms  DeleteObjects: 0.112000 ms)

AssetImportParameters requested are different than current active one (requested -> active):
  custom:framework-win-MediaFoundation: 216162199b28c13a410421893ffa2e32 -> 
  custom:video-decoder-ogg-theora: a1e56fd34408186e4bbccfd4996cb3dc -> 
  custom:container-muxer-webm: aa71ff27fc2769a1b78a27578f13a17b -> 
  custom:container-demuxer-webm: 4f35f7cbe854078d1ac9338744f61a02 -> 
  custom:container-demuxer-ogg: 62fdf1f143b41e24485cea50d1cbac27 -> 
  custom:video-encoder-webm-vp8: eb34c28f22e8b96e1ab97ce403110664 -> 
  custom:video-decoder-webm-vp8: 9c59270c3fd7afecdb556c50c9e8de78 -> 
  custom:audio-decoder-ogg-vorbis: bf7c407c2cedff20999df2af8eb42d56 -> 
  custom:audio-encoder-webm-vorbis: bf7c407c2cedff20999df2af8eb42d56 -> 
========================================================================
Received Prepare
Registering precompiled user dll's ...
Registered in 0.007587 seconds.
Begin MonoManager ReloadAssembly
Native extension for WindowsStandalone target not found
Native extension for WebGL target not found
Refreshing native plugins compatible for Editor in 0.52 ms, found 2 plugins.
Preloading 0 native plugins for Editor in 0.00 ms.
Mono: successfully reloaded assembly
- Completed reload, in  1.277 seconds
Domain Reload Profiling:
	ReloadAssembly (1278ms)
		BeginReloadAssembly (152ms)
			ExecutionOrderSort (0ms)
			DisableScriptedObjects (5ms)
			BackupInstance (0ms)
			ReleaseScriptingObjects (0ms)
			CreateAndSetChildDomain (43ms)
		EndReloadAssembly (1028ms)
			LoadAssemblies (110ms)
			RebuildTransferFunctionScriptingTraits (0ms)
			SetupTypeCache (336ms)
			ReleaseScriptCaches (1ms)
			RebuildScriptCaches (53ms)
			SetupLoadedEditorAssemblies (385ms)
				LogAssemblyErrors (0ms)
				InitializePlatformSupportModulesInManaged (8ms)
				SetLoadedEditorAssemblies (1ms)
				RefreshPlugins (1ms)
				BeforeProcessingInitializeOnLoad (105ms)
				ProcessInitializeOnLoadAttributes (250ms)
				ProcessInitializeOnLoadMethodAttributes (10ms)
				AfterProcessingInitializeOnLoad (11ms)
				EditorAssembliesLoaded (0ms)
			ExecutionOrderSort2 (0ms)
			AwakeInstancesAfterBackupRestoration (10ms)
Platform modules already initialized, skipping
Switching build target platform(19) subTarget(0) extendedPlatform(0) -> platform(13) subTarget(537395200) extendedPlatform(0)
Refreshing native plugins compatible for Editor in 0.47 ms, found 2 plugins.
Preloading 0 native plugins for Editor in 0.00 ms.
Unloading 1625 Unused Serialized files (Serialized files now loaded: 0)
System memory in use before: 72.4 MB.
System memory in use after: 72.6 MB.

Unloading 17 unused Assets to reduce memory usage. Loaded Objects now: 2058.
Total: 3.217300 ms (FindLiveObjects: 0.190300 ms CreateObjectMapping: 0.040600 ms MarkObjects: 2.966300 ms  DeleteObjects: 0.018500 ms)

AssetImportParameters requested are different than current active one (requested -> active):
  custom:framework-win-MediaFoundation: 216162199b28c13a410421893ffa2e32 -> 
  custom:video-decoder-ogg-theora: a1e56fd34408186e4bbccfd4996cb3dc -> 
  custom:container-muxer-webm: aa71ff27fc2769a1b78a27578f13a17b -> 
  custom:container-demuxer-webm: 4f35f7cbe854078d1ac9338744f61a02 -> 
  custom:container-demuxer-ogg: 62fdf1f143b41e24485cea50d1cbac27 -> 
  custom:video-encoder-webm-vp8: eb34c28f22e8b96e1ab97ce403110664 -> 
  custom:video-decoder-webm-vp8: 9c59270c3fd7afecdb556c50c9e8de78 -> 
  custom:graphics/normal-map-encoding: 01000000000000000000000000000000 -> 02000000000000000000000000000000
  custom:audio-decoder-ogg-vorbis: bf7c407c2cedff20999df2af8eb42d56 -> 
  custom:audio-encoder-webm-vorbis: bf7c407c2cedff20999df2af8eb42d56 -> 
========================================================================
Received Import Request.
  path: Assets/Resources
  artifactKey: Guid(ef7ef0221dae8f04cb2c8ec27f4bdcfd) Importer(815301076,1909f56bfc062723c751e8b465ee728b)
Start importing Assets/Resources using Guid(ef7ef0221dae8f04cb2c8ec27f4bdcfd) Importer(815301076,1909f56bfc062723c751e8b465ee728b)  -> (artifact id: 'bd03e14c96f93c9d6cd544f5ebda768e') in 0.014742 seconds 
  Import took 0.018758 seconds .

========================================================================
Received Import Request.
  Time since last request: 5.139058 seconds.
  path: Assets/Resources/Materials
  artifactKey: Guid(d2816a4a1687b6a458a97ddf410cc57b) Importer(815301076,1909f56bfc062723c751e8b465ee728b)
Start importing Assets/Resources/Materials using Guid(d2816a4a1687b6a458a97ddf410cc57b) Importer(815301076,1909f56bfc062723c751e8b465ee728b)  -> (artifact id: 'e3a476008f33cee04514d289f3068f73') in 0.010149 seconds 
  Import took 0.013231 seconds .

========================================================================
Received Import Request.
  Time since last request: 6.476068 seconds.
  path: Assets/Resources/Materials/Ball.mat
  artifactKey: Guid(9605ff4d75f495f4ab2b7f1b1176a57e) Importer(815301076,1909f56bfc062723c751e8b465ee728b)
Start importing Assets/Resources/Materials/Ball.mat using Guid(9605ff4d75f495f4ab2b7f1b1176a57e) Importer(815301076,1909f56bfc062723c751e8b465ee728b)  -> (artifact id: '4d13a5da3deeb01ce937b4487190884f') in 0.327088 seconds 
  Import took 0.329936 seconds .

========================================================================
Received Import Request.
  Time since last request: 60.602554 seconds.
  path: Assets/Resources/Materials/Field_Mat.mat
  artifactKey: Guid(9cd06cf898d297043a39809d16da1198) Importer(815301076,1909f56bfc062723c751e8b465ee728b)
Start importing Assets/Resources/Materials/Field_Mat.mat using Guid(9cd06cf898d297043a39809d16da1198) Importer(815301076,1909f56bfc062723c751e8b465ee728b)  -> (artifact id: '7719999104d47876615c063a4e11bd58') in 0.023797 seconds 
  Import took 0.026724 seconds .

========================================================================
Received Import Request.
  Time since last request: 3.019385 seconds.
  path: Assets/Resources/Materials/Ball_Mat.mat
  artifactKey: Guid(9605ff4d75f495f4ab2b7f1b1176a57e) Importer(815301076,1909f56bfc062723c751e8b465ee728b)
Start importing Assets/Resources/Materials/Ball_Mat.mat using Guid(9605ff4d75f495f4ab2b7f1b1176a57e) Importer(815301076,1909f56bfc062723c751e8b465ee728b)  -> (artifact id: '3c04ee4d5a6a25d155fdf5c65be6c865') in 0.030252 seconds 
  Import took 0.033200 seconds .

========================================================================
Received Import Request.
  Time since last request: 1198.657643 seconds.
  path: Assets/Resources/Materials/Field_Mat.mat
  artifactKey: Guid(9cd06cf898d297043a39809d16da1198) Importer(815301076,1909f56bfc062723c751e8b465ee728b)
Start importing Assets/Resources/Materials/Field_Mat.mat using Guid(9cd06cf898d297043a39809d16da1198) Importer(815301076,1909f56bfc062723c751e8b465ee728b)  -> (artifact id: '4d1a8ddcaae3edd3cb9c7a6b01c99515') in 0.018988 seconds 
  Import took 0.022165 seconds .

========================================================================
Received Import Request.
  Time since last request: 90.263942 seconds.
  path: Assets/Resources/Materials/Field_Mat.mat
  artifactKey: Guid(9cd06cf898d297043a39809d16da1198) Importer(815301076,1909f56bfc062723c751e8b465ee728b)
Start importing Assets/Resources/Materials/Field_Mat.mat using Guid(9cd06cf898d297043a39809d16da1198) Importer(815301076,1909f56bfc062723c751e8b465ee728b)  -> (artifact id: 'd06f698e32acad0bae0c3d25a75fc7ef') in 0.014203 seconds 
  Import took 0.017131 seconds .

AssetImportWorkerClient::OnTransportError - code=2 error=End of file
